<?xml version="1.0" encoding="UTF-8"?>
<!-- Generated by org.testng.reporters.JUnitReportReporter -->
<testsuite hostname="DESKTOP-60U4M33" failures="0" tests="3" name="com.sra.tests.BasicTestBrowserLaunch" time="11.483" errors="0" timestamp="2024-01-02T17:45:36 IST" skipped="0">
  <testcase classname="com.sra.tests.BasicTestBrowserLaunch" name="testBasicTestBrowserLaunch" time="4.974"/>
  <testcase classname="com.sra.tests.BasicTestBrowserLaunch" name="testDisplayed" time="3.330"/>
  <testcase classname="com.sra.tests.BasicTestBrowserLaunch" name="testIsEnabled" time="3.179"/>
</testsuite> <!-- com.sra.tests.BasicTestBrowserLaunch -->
