<?xml version="1.0" encoding="UTF-8"?>
<!-- Generated by org.testng.reporters.JUnitReportReporter -->
<testsuite hostname="DESKTOP-60U4M33" failures="0" tests="3" name="com.sra.tests.BasicTestBrowserLaunch" time="12.321" errors="0" timestamp="2024-01-02T10:29:50 IST" skipped="0">
  <testcase classname="com.sra.tests.BasicTestBrowserLaunch" name="testBasicTestBrowserLaunch" time="4.786"/>
  <testcase classname="com.sra.tests.BasicTestBrowserLaunch" name="testDisplayed" time="4.152"/>
  <testcase classname="com.sra.tests.BasicTestBrowserLaunch" name="testIsEnabled" time="3.383"/>
</testsuite> <!-- com.sra.tests.BasicTestBrowserLaunch -->
